Using pre-set license
Built from '2022.3/staging' branch; Version is '2022.3.53f1 (df4e529d20d3) revision 14634578'; Using compiler version '192829333'; Build Type 'Release'
OS: 'Windows 11  (10.0.22631) 64bit Professional' Language: 'en' Physical Memory: 16085 MB
BatchMode: 1, IsHumanControllingUs: 0, StartBugReporterOnCrash: 0, Is64bit: 1, IsPro: 1

COMMAND LINE ARGUMENTS:
C:\Program Files\Unity\Hub\Editor\2022.3.53f1\Editor\Unity.exe
-adb2
-batchMode
-noUpm
-name
AssetImportWorker0
-projectPath
C:/Users/Test/Documents/GitHub/ProjectGalaxy/ProjectGalaxy
-logFile
Logs/AssetImportWorker0.log
-srvPort
58827
Successfully changed project path to: C:/Users/Test/Documents/GitHub/ProjectGalaxy/ProjectGalaxy
C:/Users/Test/Documents/GitHub/ProjectGalaxy/ProjectGalaxy
[UnityMemory] Configuration Parameters - Can be set up in boot.config
    "memorysetup-bucket-allocator-granularity=16"
    "memorysetup-bucket-allocator-bucket-count=8"
    "memorysetup-bucket-allocator-block-size=33554432"
    "memorysetup-bucket-allocator-block-count=8"
    "memorysetup-main-allocator-block-size=16777216"
    "memorysetup-thread-allocator-block-size=16777216"
    "memorysetup-gfx-main-allocator-block-size=16777216"
    "memorysetup-gfx-thread-allocator-block-size=16777216"
    "memorysetup-cache-allocator-block-size=4194304"
    "memorysetup-typetree-allocator-block-size=2097152"
    "memorysetup-profiler-bucket-allocator-granularity=16"
    "memorysetup-profiler-bucket-allocator-bucket-count=8"
    "memorysetup-profiler-bucket-allocator-block-size=33554432"
    "memorysetup-profiler-bucket-allocator-block-count=8"
    "memorysetup-profiler-allocator-block-size=16777216"
    "memorysetup-profiler-editor-allocator-block-size=1048576"
    "memorysetup-temp-allocator-size-main=16777216"
    "memorysetup-job-temp-allocator-block-size=2097152"
    "memorysetup-job-temp-allocator-block-size-background=1048576"
    "memorysetup-job-temp-allocator-reduction-small-platforms=262144"
    "memorysetup-allocator-temp-initial-block-size-main=262144"
    "memorysetup-allocator-temp-initial-block-size-worker=262144"
    "memorysetup-temp-allocator-size-background-worker=32768"
    "memorysetup-temp-allocator-size-job-worker=262144"
    "memorysetup-temp-allocator-size-preload-manager=33554432"
    "memorysetup-temp-allocator-size-nav-mesh-worker=65536"
    "memorysetup-temp-allocator-size-audio-worker=65536"
    "memorysetup-temp-allocator-size-cloud-worker=32768"
    "memorysetup-temp-allocator-size-gi-baking-worker=262144"
    "memorysetup-temp-allocator-size-gfx=262144"
Player connection [40380]  Target information:

Player connection [40380]  * "[IP] 10.0.0.235 [Port] 0 [Flags] 2 [Guid] 1288039212 [EditorId] 1288039212 [Version] 1048832 [Id] WindowsEditor(7,MSI) [Debug] 1 [PackageName] WindowsEditor [ProjectName] Editor" 

Player connection [40380] Host joined multi-casting on [225.0.0.222:54997]...
Player connection [40380] Host joined alternative multi-casting on [225.0.0.222:34997]...
[PhysX] Initialized MultithreadedTaskDispatcher with 24 workers.
Refreshing native plugins compatible for Editor in 6074.96 ms, found 3 plugins.
Preloading 0 native plugins for Editor in 0.00 ms.
Initialize engine version: 2022.3.53f1 (df4e529d20d3)
[Subsystems] Discovering subsystems at path C:/Program Files/Unity/Hub/Editor/2022.3.53f1/Editor/Data/Resources/UnitySubsystems
[Subsystems] Discovering subsystems at path C:/Users/Test/Documents/GitHub/ProjectGalaxy/ProjectGalaxy/Assets
GfxDevice: creating device client; threaded=0; jobified=0
Direct3D:
    Version:  Direct3D 11.0 [level 11.1]
    Renderer: NVIDIA GeForce RTX 4070 Laptop GPU (ID=0x2820)
    Vendor:   NVIDIA
    VRAM:     7948 MB
    Driver:   31.0.15.5188
Initialize mono
Mono path[0] = 'C:/Program Files/Unity/Hub/Editor/2022.3.53f1/Editor/Data/Managed'
Mono path[1] = 'C:/Program Files/Unity/Hub/Editor/2022.3.53f1/Editor/Data/MonoBleedingEdge/lib/mono/unityjit-win32'
Mono config path = 'C:/Program Files/Unity/Hub/Editor/2022.3.53f1/Editor/Data/MonoBleedingEdge/etc'
Using monoOptions --debugger-agent=transport=dt_socket,embedding=1,server=y,suspend=n,address=127.0.0.1:56672
Begin MonoManager ReloadAssembly
Registering precompiled unity dll's ...
Register platform support module: C:/Program Files/Unity/Hub/Editor/2022.3.53f1/Editor/Data/PlaybackEngines/WindowsStandaloneSupport/UnityEditor.WindowsStandalone.Extensions.dll
Registered in 0.006166 seconds.
- Loaded All Assemblies, in  0.318 seconds
Native extension for WindowsStandalone target not found
Mono: successfully reloaded assembly
- Finished resetting the current domain, in  0.270 seconds
Domain Reload Profiling: 587ms
	BeginReloadAssembly (116ms)
		ExecutionOrderSort (0ms)
		DisableScriptedObjects (0ms)
		BackupInstance (0ms)
		ReleaseScriptingObjects (0ms)
		CreateAndSetChildDomain (1ms)
	RebuildCommonClasses (26ms)
	RebuildNativeTypeToScriptingClass (7ms)
	initialDomainReloadingComplete (48ms)
	LoadAllAssembliesAndSetupDomain (120ms)
		LoadAssemblies (115ms)
		RebuildTransferFunctionScriptingTraits (0ms)
		AnalyzeDomain (118ms)
			TypeCache.Refresh (117ms)
				TypeCache.ScanAssembly (106ms)
			ScanForSourceGeneratedMonoScriptInfo (0ms)
			ResolveRequiredComponents (0ms)
	FinalizeReload (270ms)
		ReleaseScriptCaches (0ms)
		RebuildScriptCaches (0ms)
		SetupLoadedEditorAssemblies (229ms)
			LogAssemblyErrors (0ms)
			InitializePlatformSupportModulesInManaged (9ms)
			SetLoadedEditorAssemblies (7ms)
			RefreshPlugins (0ms)
			BeforeProcessingInitializeOnLoad (2ms)
			ProcessInitializeOnLoadAttributes (153ms)
			ProcessInitializeOnLoadMethodAttributes (57ms)
			AfterProcessingInitializeOnLoad (0ms)
			EditorAssembliesLoaded (0ms)
		ExecutionOrderSort2 (0ms)
		AwakeInstancesAfterBackupRestoration (0ms)
========================================================================
Worker process is ready to serve import requests
Caller must complete domain reload
Begin MonoManager ReloadAssembly
- Loaded All Assemblies, in 11.681 seconds
Native extension for WindowsStandalone target not found
Mono: successfully reloaded assembly
- Finished resetting the current domain, in  0.747 seconds
Domain Reload Profiling: 12424ms
	BeginReloadAssembly (143ms)
		ExecutionOrderSort (0ms)
		DisableScriptedObjects (4ms)
		BackupInstance (0ms)
		ReleaseScriptingObjects (0ms)
		CreateAndSetChildDomain (18ms)
	RebuildCommonClasses (21ms)
	RebuildNativeTypeToScriptingClass (7ms)
	initialDomainReloadingComplete (30ms)
	LoadAllAssembliesAndSetupDomain (11475ms)
		LoadAssemblies (11449ms)
		RebuildTransferFunctionScriptingTraits (0ms)
		AnalyzeDomain (122ms)
			TypeCache.Refresh (108ms)
				TypeCache.ScanAssembly (98ms)
			ScanForSourceGeneratedMonoScriptInfo (10ms)
			ResolveRequiredComponents (3ms)
	FinalizeReload (748ms)
		ReleaseScriptCaches (0ms)
		RebuildScriptCaches (0ms)
		SetupLoadedEditorAssemblies (646ms)
			LogAssemblyErrors (0ms)
			InitializePlatformSupportModulesInManaged (5ms)
			SetLoadedEditorAssemblies (4ms)
			RefreshPlugins (0ms)
			BeforeProcessingInitializeOnLoad (67ms)
			ProcessInitializeOnLoadAttributes (548ms)
			ProcessInitializeOnLoadMethodAttributes (18ms)
			AfterProcessingInitializeOnLoad (5ms)
			EditorAssembliesLoaded (0ms)
		ExecutionOrderSort2 (0ms)
		AwakeInstancesAfterBackupRestoration (5ms)
Launched and connected shader compiler UnityShaderCompiler.exe after 0.03 seconds
Refreshing native plugins compatible for Editor in 4.69 ms, found 3 plugins.
Preloading 0 native plugins for Editor in 0.00 ms.
Unloading 3106 Unused Serialized files (Serialized files now loaded: 0)
Unloading 19 unused Assets / (54.5 KB). Loaded Objects now: 3579.
Memory consumption went from 120.2 MB to 120.1 MB.
Total: 3.295100 ms (FindLiveObjects: 0.203500 ms CreateObjectMapping: 0.087900 ms MarkObjects: 2.925600 ms  DeleteObjects: 0.077100 ms)

AssetImportParameters requested are different than current active one (requested -> active):
  custom:container-demuxer-ogg: 62fdf1f143b41e24485cea50d1cbac27 -> 
  custom:video-codec-MediaFoundation-h265: 746d11721c4dcdbdad8f713fa42b33f4 -> 
  custom:video-decoder-ogg-theora: a1e56fd34408186e4bbccfd4996cb3dc -> 
  custom:framework-win-MediaFoundation: 216162199b28c13a410421893ffa2e32 -> 
  custom:CustomObjectIndexerAttribute: 9a22284fe3817be447336de3de66b15e -> 
  custom:container-demuxer-webm: 4f35f7cbe854078d1ac9338744f61a02 -> 
  custom:container-muxer-webm: aa71ff27fc2769a1b78a27578f13a17b -> 
  custom:video-decoder-webm-vp8: 9c59270c3fd7afecdb556c50c9e8de78 -> 
  custom:SearchIndexIgnoredProperties: e643bd26f0fe6173181afceb89e7c659 -> 
  custom:AudioImporter_EditorPlatform: d09bf68614088b80899f8185d706f6e7 -> 
  custom:video-encoder-webm-vp8: eb34c28f22e8b96e1ab97ce403110664 -> 
  custom:audio-decoder-ogg-vorbis: bf7c407c2cedff20999df2af8eb42d56 -> 
  custom:audio-encoder-webm-vorbis: bf7c407c2cedff20999df2af8eb42d56 -> 
========================================================================
Received Import Request.
  Time since last request: 64254.084150 seconds.
  path: Assets/Materials
  artifactKey: Guid(82cadfd15bd89074992bd92ca31923f4) Importer(815301076,1909f56bfc062723c751e8b465ee728b)
Start importing Assets/Materials using Guid(82cadfd15bd89074992bd92ca31923f4) Importer(815301076,1909f56bfc062723c751e8b465ee728b) [PhysX] Initialized MultithreadedTaskDispatcher with 24 workers.
 -> (artifact id: '88c9d3c9efd18e4bbf6f62017be11059') in 0.002301 seconds
Number of updated asset objects reloaded before import = 0
Number of asset objects unloaded after import = 0
========================================================================
Received Import Request.
  Time since last request: 0.000064 seconds.
  path: Assets/Materials/Starter
  artifactKey: Guid(bf7a81f3977f1f346ade72abc8d9edb4) Importer(815301076,1909f56bfc062723c751e8b465ee728b)
Start importing Assets/Materials/Starter using Guid(bf7a81f3977f1f346ade72abc8d9edb4) Importer(815301076,1909f56bfc062723c751e8b465ee728b) [PhysX] Initialized MultithreadedTaskDispatcher with 24 workers.
 -> (artifact id: 'e6619e2f0f45450e1c51b3f7fa5c3459') in 0.000641 seconds
Number of updated asset objects reloaded before import = 0
Number of asset objects unloaded after import = 0
========================================================================
Received Import Request.
  Time since last request: 24.349765 seconds.
  path: Assets/Materials/Weapons
  artifactKey: Guid(90cc9e9c27a956648b4b1ccca904e412) Importer(815301076,1909f56bfc062723c751e8b465ee728b)
Start importing Assets/Materials/Weapons using Guid(90cc9e9c27a956648b4b1ccca904e412) Importer(815301076,1909f56bfc062723c751e8b465ee728b) [PhysX] Initialized MultithreadedTaskDispatcher with 24 workers.
 -> (artifact id: '047b8cfbd1c65de0a7970685845e9b34') in 0.000499 seconds
Number of updated asset objects reloaded before import = 0
Number of asset objects unloaded after import = 0
========================================================================
Received Import Request.
  Time since last request: 1.301257 seconds.
  path: Assets/Materials/Weapons/Low Poly Rifles
  artifactKey: Guid(abcabaebe03161f478ebd87b9f71dc25) Importer(815301076,1909f56bfc062723c751e8b465ee728b)
Start importing Assets/Materials/Weapons/Low Poly Rifles using Guid(abcabaebe03161f478ebd87b9f71dc25) Importer(815301076,1909f56bfc062723c751e8b465ee728b) [PhysX] Initialized MultithreadedTaskDispatcher with 24 workers.
 -> (artifact id: '8175d4724f9ebe623a7479e807fd2628') in 0.000456 seconds
Number of updated asset objects reloaded before import = 0
Number of asset objects unloaded after import = 0
========================================================================
Received Import Request.
  Time since last request: 48.647687 seconds.
  path: Assets/Levels
  artifactKey: Guid(f56555621c9e64f4d922dea7e74bc77b) Importer(815301076,1909f56bfc062723c751e8b465ee728b)
Start importing Assets/Levels using Guid(f56555621c9e64f4d922dea7e74bc77b) Importer(815301076,1909f56bfc062723c751e8b465ee728b) [PhysX] Initialized MultithreadedTaskDispatcher with 24 workers.
 -> (artifact id: 'af7a36d0ddd15541f13758bf5800d1b7') in 0.000681 seconds
Number of updated asset objects reloaded before import = 0
Number of asset objects unloaded after import = 0
========================================================================
Received Import Request.
  Time since last request: 20.969727 seconds.
  path: Assets/Levels/BreDevSandbox.unity
  artifactKey: Guid(288e4b5ab0ac1984691bc15da8c258fc) Importer(815301076,1909f56bfc062723c751e8b465ee728b)
Start importing Assets/Levels/BreDevSandbox.unity using Guid(288e4b5ab0ac1984691bc15da8c258fc) Importer(815301076,1909f56bfc062723c751e8b465ee728b) [PhysX] Initialized MultithreadedTaskDispatcher with 24 workers.
 -> (artifact id: 'be7aabeb9d56d073c98a0e14c68e05f4') in 0.000449 seconds
Number of updated asset objects reloaded before import = 0
Number of asset objects unloaded after import = 0
========================================================================
Received Import Request.
  Time since last request: 11.696486 seconds.
  path: Assets/PreFabs/GameManager.prefab
  artifactKey: Guid(704b67fe0a4c87f47bdbef82fe67aaa6) Importer(815301076,1909f56bfc062723c751e8b465ee728b)
Start importing Assets/PreFabs/GameManager.prefab using Guid(704b67fe0a4c87f47bdbef82fe67aaa6) Importer(815301076,1909f56bfc062723c751e8b465ee728b) [PhysX] Initialized MultithreadedTaskDispatcher with 24 workers.
 -> (artifact id: 'de94c477b46693af8d1dae96b9b5c7cf') in 0.025310 seconds
Number of updated asset objects reloaded before import = 0
Number of asset objects unloaded after import = 5
========================================================================
Received Import Request.
  Time since last request: 3.320500 seconds.
  path: Assets/PreFabs/Player.prefab
  artifactKey: Guid(636d9c83fedcbfc41ab2335a73f8b044) Importer(815301076,1909f56bfc062723c751e8b465ee728b)
Start importing Assets/PreFabs/Player.prefab using Guid(636d9c83fedcbfc41ab2335a73f8b044) Importer(815301076,1909f56bfc062723c751e8b465ee728b) [PhysX] Initialized MultithreadedTaskDispatcher with 24 workers.
[PhysX] Initialized MultithreadedTaskDispatcher with 24 workers.
 -> (artifact id: 'df53dd884423a875923856eda412198f') in 0.123243 seconds
Number of updated asset objects reloaded before import = 0
Number of asset objects unloaded after import = 16
========================================================================
Received Import Request.
  Time since last request: 2.418499 seconds.
  path: Assets/PreFabs/EnemyBase.prefab
  artifactKey: Guid(e5233c34033591343a1608a232ce33b4) Importer(815301076,1909f56bfc062723c751e8b465ee728b)
Start importing Assets/PreFabs/EnemyBase.prefab using Guid(e5233c34033591343a1608a232ce33b4) Importer(815301076,1909f56bfc062723c751e8b465ee728b) [PhysX] Initialized MultithreadedTaskDispatcher with 24 workers.
[PhysX] Initialized MultithreadedTaskDispatcher with 24 workers.
 -> (artifact id: 'c584f2a92d12de9d0ef64c3c10047d86') in 0.043896 seconds
Number of updated asset objects reloaded before import = 0
Number of asset objects unloaded after import = 8
========================================================================
Received Import Request.
  Time since last request: 4.091282 seconds.
  path: Assets/PreFabs/Floor.prefab
  artifactKey: Guid(5e74466a4c1768d4ab01306adbc2980e) Importer(815301076,1909f56bfc062723c751e8b465ee728b)
Start importing Assets/PreFabs/Floor.prefab using Guid(5e74466a4c1768d4ab01306adbc2980e) Importer(815301076,1909f56bfc062723c751e8b465ee728b) [PhysX] Initialized MultithreadedTaskDispatcher with 24 workers.
[PhysX] Initialized MultithreadedTaskDispatcher with 24 workers.
 -> (artifact id: 'd73fed1bdb59999ef3750a058f7e0ad4') in 0.080500 seconds
Number of updated asset objects reloaded before import = 0
Number of asset objects unloaded after import = 11
========================================================================
Received Import Request.
  Time since last request: 11.314482 seconds.
  path: Assets/PreFabs/Canvas.prefab
  artifactKey: Guid(03b6bccd9a647964daefd9029a68e82c) Importer(815301076,1909f56bfc062723c751e8b465ee728b)
Start importing Assets/PreFabs/Canvas.prefab using Guid(03b6bccd9a647964daefd9029a68e82c) Importer(815301076,1909f56bfc062723c751e8b465ee728b) [PhysX] Initialized MultithreadedTaskDispatcher with 24 workers.
 -> (artifact id: '57e8e947a1f010ad7772f29ff11ef53a') in 0.004696 seconds
Number of updated asset objects reloaded before import = 0
Number of asset objects unloaded after import = 11
========================================================================
Received Import Request.
  Time since last request: 3.320767 seconds.
  path: Assets/PreFabs
  artifactKey: Guid(3a136a082e09b814fb016c54a3c6e289) Importer(815301076,1909f56bfc062723c751e8b465ee728b)
Start importing Assets/PreFabs using Guid(3a136a082e09b814fb016c54a3c6e289) Importer(815301076,1909f56bfc062723c751e8b465ee728b) [PhysX] Initialized MultithreadedTaskDispatcher with 24 workers.
 -> (artifact id: '8a129c424fd0bcf6524801c3085aae45') in 0.000693 seconds
Number of updated asset objects reloaded before import = 0
Number of asset objects unloaded after import = 0
========================================================================
Received Import Request.
  Time since last request: 11.721329 seconds.
  path: Assets/PreFabs/BreDevPreFabs
  artifactKey: Guid(4e9c427265480834381b3629efa782a1) Importer(815301076,1909f56bfc062723c751e8b465ee728b)
Start importing Assets/PreFabs/BreDevPreFabs using Guid(4e9c427265480834381b3629efa782a1) Importer(815301076,1909f56bfc062723c751e8b465ee728b) [PhysX] Initialized MultithreadedTaskDispatcher with 24 workers.
 -> (artifact id: 'aae71795c38a4d47393cef2a1b408b66') in 0.000516 seconds
Number of updated asset objects reloaded before import = 0
Number of asset objects unloaded after import = 0
========================================================================
Received Import Request.
  Time since last request: 66.225038 seconds.
  path: Assets/Levels/Tutorial.unity
  artifactKey: Guid(9fc0d4010bbf28b4594072e72b8655ab) Importer(815301076,1909f56bfc062723c751e8b465ee728b)
Start importing Assets/Levels/Tutorial.unity using Guid(9fc0d4010bbf28b4594072e72b8655ab) Importer(815301076,1909f56bfc062723c751e8b465ee728b) [PhysX] Initialized MultithreadedTaskDispatcher with 24 workers.
 -> (artifact id: 'f17160831cf3d59dd04c31f29ab5a755') in 0.000533 seconds
Number of updated asset objects reloaded before import = 0
Number of asset objects unloaded after import = 0
========================================================================
Received Import Request.
  Time since last request: 9.032436 seconds.
  path: Assets/Levels/BreDevSandbox.unity
  artifactKey: Guid(288e4b5ab0ac1984691bc15da8c258fc) Importer(815301076,1909f56bfc062723c751e8b465ee728b)
Start importing Assets/Levels/BreDevSandbox.unity using Guid(288e4b5ab0ac1984691bc15da8c258fc) Importer(815301076,1909f56bfc062723c751e8b465ee728b) [PhysX] Initialized MultithreadedTaskDispatcher with 24 workers.
 -> (artifact id: 'd27796ceef5295eb9c95d4ef1adf1bb0') in 0.000472 seconds
Number of updated asset objects reloaded before import = 0
Number of asset objects unloaded after import = 0
========================================================================
Received Import Request.
  Time since last request: 101.279631 seconds.
  path: Assets/PreFabs/New SceneTemplate.scenetemplate
  artifactKey: Guid(bb720990ed546eb4399862d141085424) Importer(815301076,1909f56bfc062723c751e8b465ee728b)
Start importing Assets/PreFabs/New SceneTemplate.scenetemplate using Guid(bb720990ed546eb4399862d141085424) Importer(815301076,1909f56bfc062723c751e8b465ee728b) [PhysX] Initialized MultithreadedTaskDispatcher with 24 workers.
 -> (artifact id: '628fa18fbb069c3519db8d888803c009') in 0.006784 seconds
Number of updated asset objects reloaded before import = 0
Number of asset objects unloaded after import = 1
========================================================================
Received Import Request.
  Time since last request: 0.899560 seconds.
  path: Assets/Textures/Weapons/Albedo.png
  artifactKey: Guid(f9cacb64ee5b18146be0e3d6a1d8a277) Importer(815301076,1909f56bfc062723c751e8b465ee728b)
Start importing Assets/Textures/Weapons/Albedo.png using Guid(f9cacb64ee5b18146be0e3d6a1d8a277) Importer(815301076,1909f56bfc062723c751e8b465ee728b) [PhysX] Initialized MultithreadedTaskDispatcher with 24 workers.
[PhysX] Initialized MultithreadedTaskDispatcher with 24 workers.
 -> (artifact id: '89db6f75adac5dad0973d9e9d1a9ad33') in 0.047455 seconds
Number of updated asset objects reloaded before import = 0
Number of asset objects unloaded after import = 3
========================================================================
Received Import Request.
  Time since last request: 2.676176 seconds.
  path: Assets/Textures/Weapons/Emission.png
  artifactKey: Guid(3c07fe159375647428fc010c97b1d80e) Importer(815301076,1909f56bfc062723c751e8b465ee728b)
Start importing Assets/Textures/Weapons/Emission.png using Guid(3c07fe159375647428fc010c97b1d80e) Importer(815301076,1909f56bfc062723c751e8b465ee728b) [PhysX] Initialized MultithreadedTaskDispatcher with 24 workers.
[PhysX] Initialized MultithreadedTaskDispatcher with 24 workers.
 -> (artifact id: 'd7bb14918a621bd28ecd5ee25e76d796') in 0.025480 seconds
Number of updated asset objects reloaded before import = 0
Number of asset objects unloaded after import = 3
========================================================================
Received Import Request.
  Time since last request: 0.202860 seconds.
  path: Assets/Textures/UI/Fonts/Nebula-Regular.otf
  artifactKey: Guid(1f07509298b6755459cbc1a9b30e2cbc) Importer(815301076,1909f56bfc062723c751e8b465ee728b)
Start importing Assets/Textures/UI/Fonts/Nebula-Regular.otf using Guid(1f07509298b6755459cbc1a9b30e2cbc) Importer(815301076,1909f56bfc062723c751e8b465ee728b) [PhysX] Initialized MultithreadedTaskDispatcher with 24 workers.
[PhysX] Initialized MultithreadedTaskDispatcher with 24 workers.
[PhysX] Initialized MultithreadedTaskDispatcher with 24 workers.
 -> (artifact id: '5beb934f66781263382cb011f7acbec1') in 0.046714 seconds
Number of updated asset objects reloaded before import = 0
Number of asset objects unloaded after import = 4
========================================================================
Received Import Request.
  Time since last request: 40.442438 seconds.
  path: Assets/Levels/New SceneTemplate.scenetemplate
  artifactKey: Guid(bb720990ed546eb4399862d141085424) Importer(815301076,1909f56bfc062723c751e8b465ee728b)
Start importing Assets/Levels/New SceneTemplate.scenetemplate using Guid(bb720990ed546eb4399862d141085424) Importer(815301076,1909f56bfc062723c751e8b465ee728b) [PhysX] Initialized MultithreadedTaskDispatcher with 24 workers.
 -> (artifact id: '5873cb71d0c2e6f7312c3f1cc93e3825') in 0.002662 seconds
Number of updated asset objects reloaded before import = 0
Number of asset objects unloaded after import = 1
========================================================================
Received Import Request.
  Time since last request: 32.105191 seconds.
  path: Assets/Levels/BreDevSceneTemplate.scenetemplate
  artifactKey: Guid(d63d2ebbad7d689418a38f6caabf5cd0) Importer(815301076,1909f56bfc062723c751e8b465ee728b)
Start importing Assets/Levels/BreDevSceneTemplate.scenetemplate using Guid(d63d2ebbad7d689418a38f6caabf5cd0) Importer(815301076,1909f56bfc062723c751e8b465ee728b) [PhysX] Initialized MultithreadedTaskDispatcher with 24 workers.
 -> (artifact id: 'e76dad6aab61d2bc9237fc87dac43a43') in 0.002063 seconds
Number of updated asset objects reloaded before import = 0
Number of asset objects unloaded after import = 1
========================================================================
Received Import Request.
  Time since last request: 23.329100 seconds.
  path: Assets/Levels/BreDevSandbox.unity
  artifactKey: Guid(288e4b5ab0ac1984691bc15da8c258fc) Importer(815301076,1909f56bfc062723c751e8b465ee728b)
Start importing Assets/Levels/BreDevSandbox.unity using Guid(288e4b5ab0ac1984691bc15da8c258fc) Importer(815301076,1909f56bfc062723c751e8b465ee728b) [PhysX] Initialized MultithreadedTaskDispatcher with 24 workers.
 -> (artifact id: '11de9ed97bd7f6cfa311effa320b1664') in 0.000507 seconds
Number of updated asset objects reloaded before import = 0
Number of asset objects unloaded after import = 0
========================================================================
Received Import Request.
  Time since last request: 620.263231 seconds.
  path: Assets/Levels/Dev Sandboxes
  artifactKey: Guid(f501724a74eefbe4cad4e91bb564f3f8) Importer(815301076,1909f56bfc062723c751e8b465ee728b)
Start importing Assets/Levels/Dev Sandboxes using Guid(f501724a74eefbe4cad4e91bb564f3f8) Importer(815301076,1909f56bfc062723c751e8b465ee728b) [PhysX] Initialized MultithreadedTaskDispatcher with 24 workers.
 -> (artifact id: '7cf6b623967a44e9e0d237c146aab784') in 0.005927 seconds
Number of updated asset objects reloaded before import = 0
Number of asset objects unloaded after import = 0
========================================================================
Received Import Request.
  Time since last request: 35.885885 seconds.
  path: Assets/Levels/Dev Sandboxes/HarryDevSandbox.unity
  artifactKey: Guid(95256e52a68169d4ab2b16893447ff54) Importer(815301076,1909f56bfc062723c751e8b465ee728b)
Start importing Assets/Levels/Dev Sandboxes/HarryDevSandbox.unity using Guid(95256e52a68169d4ab2b16893447ff54) Importer(815301076,1909f56bfc062723c751e8b465ee728b) [PhysX] Initialized MultithreadedTaskDispatcher with 24 workers.
 -> (artifact id: '915765af6edca579232c2eaaf7aea5bf') in 0.000675 seconds
Number of updated asset objects reloaded before import = 0
Number of asset objects unloaded after import = 0
========================================================================
Received Import Request.
  Time since last request: 14.364097 seconds.
  path: Assets/Levels/Dev Sandboxes/JuanDevSandbox.unity
  artifactKey: Guid(fb4958c0eeefaf54a91f6c2b8eb7a6b4) Importer(815301076,1909f56bfc062723c751e8b465ee728b)
Start importing Assets/Levels/Dev Sandboxes/JuanDevSandbox.unity using Guid(fb4958c0eeefaf54a91f6c2b8eb7a6b4) Importer(815301076,1909f56bfc062723c751e8b465ee728b) [PhysX] Initialized MultithreadedTaskDispatcher with 24 workers.
 -> (artifact id: 'a23880b21dcb60d1173cb0fa8b387f38') in 0.000477 seconds
Number of updated asset objects reloaded before import = 0
Number of asset objects unloaded after import = 0
========================================================================
Received Import Request.
  Time since last request: 7.532035 seconds.
  path: Assets/Levels/Dev Sandboxes/Erik.unity
  artifactKey: Guid(10a1f64937a2cc14fb18cfc3d51d9687) Importer(815301076,1909f56bfc062723c751e8b465ee728b)
Start importing Assets/Levels/Dev Sandboxes/Erik.unity using Guid(10a1f64937a2cc14fb18cfc3d51d9687) Importer(815301076,1909f56bfc062723c751e8b465ee728b) [PhysX] Initialized MultithreadedTaskDispatcher with 24 workers.
 -> (artifact id: 'dc0498e1fbd7f6c802f3f1bbb01c83d9') in 0.000713 seconds
Number of updated asset objects reloaded before import = 0
Number of asset objects unloaded after import = 0
========================================================================
Received Import Request.
  Time since last request: 5.784010 seconds.
  path: Assets/Levels/Dev Sandboxes/ErikDevSandbox.unity
  artifactKey: Guid(10a1f64937a2cc14fb18cfc3d51d9687) Importer(815301076,1909f56bfc062723c751e8b465ee728b)
Start importing Assets/Levels/Dev Sandboxes/ErikDevSandbox.unity using Guid(10a1f64937a2cc14fb18cfc3d51d9687) Importer(815301076,1909f56bfc062723c751e8b465ee728b) [PhysX] Initialized MultithreadedTaskDispatcher with 24 workers.
 -> (artifact id: 'd5dc0b8beeb0804429df515193d576d2') in 0.000471 seconds
Number of updated asset objects reloaded before import = 0
Number of asset objects unloaded after import = 0
========================================================================
Received Import Request.
  Time since last request: 11.857056 seconds.
  path: Assets/Levels/Dev Sandboxes/JammieDevSandbox.unity
  artifactKey: Guid(baeb9c46e2bc8964e931cfb7712ba80b) Importer(815301076,1909f56bfc062723c751e8b465ee728b)
Start importing Assets/Levels/Dev Sandboxes/JammieDevSandbox.unity using Guid(baeb9c46e2bc8964e931cfb7712ba80b) Importer(815301076,1909f56bfc062723c751e8b465ee728b) [PhysX] Initialized MultithreadedTaskDispatcher with 24 workers.
 -> (artifact id: '08434786310685f7a30d8f29b25bb66b') in 0.000800 seconds
Number of updated asset objects reloaded before import = 0
Number of asset objects unloaded after import = 0
========================================================================
Received Import Request.
  Time since last request: 228.937466 seconds.
  path: Assets/Levels/Dev Sandboxes/BreDevSandbox.unity
  artifactKey: Guid(288e4b5ab0ac1984691bc15da8c258fc) Importer(815301076,1909f56bfc062723c751e8b465ee728b)
Start importing Assets/Levels/Dev Sandboxes/BreDevSandbox.unity using Guid(288e4b5ab0ac1984691bc15da8c258fc) Importer(815301076,1909f56bfc062723c751e8b465ee728b) [PhysX] Initialized MultithreadedTaskDispatcher with 24 workers.
 -> (artifact id: 'a9c75584bad10936a611a948bdcec738') in 0.001113 seconds
Number of updated asset objects reloaded before import = 0
Number of asset objects unloaded after import = 0
========================================================================
Received Import Request.
  Time since last request: 1.490691 seconds.
  path: Assets/Levels/Dev Sandboxes/ErikDevSandbox.unity
  artifactKey: Guid(10a1f64937a2cc14fb18cfc3d51d9687) Importer(815301076,1909f56bfc062723c751e8b465ee728b)
Start importing Assets/Levels/Dev Sandboxes/ErikDevSandbox.unity using Guid(10a1f64937a2cc14fb18cfc3d51d9687) Importer(815301076,1909f56bfc062723c751e8b465ee728b) [PhysX] Initialized MultithreadedTaskDispatcher with 24 workers.
 -> (artifact id: 'ada84d526015f849ae4202e98ceb6839') in 0.000737 seconds
Number of updated asset objects reloaded before import = 0
Number of asset objects unloaded after import = 0
========================================================================
Received Import Request.
  Time since last request: 1.169092 seconds.
  path: Assets/Levels/Dev Sandboxes/HarryDevSandbox.unity
  artifactKey: Guid(95256e52a68169d4ab2b16893447ff54) Importer(815301076,1909f56bfc062723c751e8b465ee728b)
Start importing Assets/Levels/Dev Sandboxes/HarryDevSandbox.unity using Guid(95256e52a68169d4ab2b16893447ff54) Importer(815301076,1909f56bfc062723c751e8b465ee728b) [PhysX] Initialized MultithreadedTaskDispatcher with 24 workers.
 -> (artifact id: '0425dc4933d7ad3d53835c740a8effd4') in 0.000455 seconds
Number of updated asset objects reloaded before import = 0
Number of asset objects unloaded after import = 0
========================================================================
Received Import Request.
  Time since last request: 1.166039 seconds.
  path: Assets/Levels/Dev Sandboxes/JammieDevSandbox.unity
  artifactKey: Guid(baeb9c46e2bc8964e931cfb7712ba80b) Importer(815301076,1909f56bfc062723c751e8b465ee728b)
Start importing Assets/Levels/Dev Sandboxes/JammieDevSandbox.unity using Guid(baeb9c46e2bc8964e931cfb7712ba80b) Importer(815301076,1909f56bfc062723c751e8b465ee728b) [PhysX] Initialized MultithreadedTaskDispatcher with 24 workers.
 -> (artifact id: '549f7ba70ef6a5979e6e385265f9425b') in 0.000620 seconds
Number of updated asset objects reloaded before import = 0
Number of asset objects unloaded after import = 0
========================================================================
Received Import Request.
  Time since last request: 1.034669 seconds.
  path: Assets/Levels/Dev Sandboxes/JuanDevSandbox.unity
  artifactKey: Guid(fb4958c0eeefaf54a91f6c2b8eb7a6b4) Importer(815301076,1909f56bfc062723c751e8b465ee728b)
Start importing Assets/Levels/Dev Sandboxes/JuanDevSandbox.unity using Guid(fb4958c0eeefaf54a91f6c2b8eb7a6b4) Importer(815301076,1909f56bfc062723c751e8b465ee728b) [PhysX] Initialized MultithreadedTaskDispatcher with 24 workers.
 -> (artifact id: '6f00c14062efc39211f66a0c8c9dd2dc') in 0.000605 seconds
Number of updated asset objects reloaded before import = 0
Number of asset objects unloaded after import = 0
